2018-04-23 16:59:03,122 INFO  [main] CrossBlogsApplication: Starting CrossBlogsApplication on ramazan-Lenovo-G50-70 with PID 2539 (/home/ramazan/Documents/crossovertest/crossblogs-java-sa/bin/main started by ramazan in /home/ramazan/Documents/crossovertest/crossblogs-java-sa)
2018-04-23 16:59:03,134 INFO  [main] CrossBlogsApplication: The following profiles are active: dev
2018-04-23 16:59:03,200 INFO  [main] AnnotationConfigServletWebServerApplicationContext: Refreshing org.springframework.boot.web.servlet.context.AnnotationConfigServletWebServerApplicationContext@4879dfad: startup date [Mon Apr 23 16:59:03 EET 2018]; root of context hierarchy
2018-04-23 16:59:04,256 INFO  [main] DefaultListableBeanFactory: Overriding bean definition for bean 'httpRequestHandlerAdapter' with a different definition: replacing [Root bean: class [null]; scope=; abstract=false; lazyInit=false; autowireMode=3; dependencyCheck=0; autowireCandidate=true; primary=false; factoryBeanName=org.springframework.boot.autoconfigure.web.servlet.WebMvcAutoConfiguration$EnableWebMvcConfiguration; factoryMethodName=httpRequestHandlerAdapter; initMethodName=null; destroyMethodName=(inferred); defined in class path resource [org/springframework/boot/autoconfigure/web/servlet/WebMvcAutoConfiguration$EnableWebMvcConfiguration.class]] with [Root bean: class [null]; scope=; abstract=false; lazyInit=false; autowireMode=3; dependencyCheck=0; autowireCandidate=true; primary=false; factoryBeanName=org.springframework.data.rest.webmvc.config.RepositoryRestMvcConfiguration; factoryMethodName=httpRequestHandlerAdapter; initMethodName=null; destroyMethodName=(inferred); defined in class path resource [org/springframework/data/rest/webmvc/config/RepositoryRestMvcConfiguration.class]]
2018-04-23 16:59:05,052 INFO  [main] PostProcessorRegistrationDelegate$BeanPostProcessorChecker: Bean 'org.springframework.transaction.annotation.ProxyTransactionManagementConfiguration' of type [org.springframework.transaction.annotation.ProxyTransactionManagementConfiguration$$EnhancerBySpringCGLIB$$ca8e2c18] is not eligible for getting processed by all BeanPostProcessors (for example: not eligible for auto-proxying)
2018-04-23 16:59:05,562 INFO  [main] TomcatWebServer: Tomcat initialized with port(s): 8080 (http)
2018-04-23 16:59:05,600 INFO  [main] StandardService: Starting service [Tomcat]
2018-04-23 16:59:05,600 INFO  [main] StandardEngine: Starting Servlet Engine: Apache Tomcat/8.5.28
2018-04-23 16:59:05,612 INFO  [localhost-startStop-1] AprLifecycleListener: The APR based Apache Tomcat Native library which allows optimal performance in production environments was not found on the java.library.path: [/usr/java/packages/lib/amd64:/usr/lib/x86_64-linux-gnu/jni:/lib/x86_64-linux-gnu:/usr/lib/x86_64-linux-gnu:/usr/lib/jni:/lib:/usr/lib]
2018-04-23 16:59:05,718 INFO  [localhost-startStop-1] [/]: Initializing Spring embedded WebApplicationContext
2018-04-23 16:59:05,719 INFO  [localhost-startStop-1] ContextLoader: Root WebApplicationContext: initialization completed in 2519 ms
2018-04-23 16:59:05,876 INFO  [localhost-startStop-1] ServletRegistrationBean: Servlet dispatcherServlet mapped to [/]
2018-04-23 16:59:05,883 INFO  [localhost-startStop-1] FilterRegistrationBean: Mapping filter: 'characterEncodingFilter' to: [/*]
2018-04-23 16:59:05,884 INFO  [localhost-startStop-1] FilterRegistrationBean: Mapping filter: 'hiddenHttpMethodFilter' to: [/*]
2018-04-23 16:59:05,884 INFO  [localhost-startStop-1] FilterRegistrationBean: Mapping filter: 'httpPutFormContentFilter' to: [/*]
2018-04-23 16:59:05,884 INFO  [localhost-startStop-1] FilterRegistrationBean: Mapping filter: 'requestContextFilter' to: [/*]
2018-04-23 16:59:06,179 INFO  [main] HikariDataSource: HikariPool-1 - Starting...
2018-04-23 16:59:06,413 INFO  [main] HikariDataSource: HikariPool-1 - Start completed.
2018-04-23 16:59:06,776 INFO  [main] liquibase: Successfully acquired change log lock
2018-04-23 16:59:07,622 INFO  [main] liquibase: Reading from crossblogs.DATABASECHANGELOG
2018-04-23 16:59:07,708 INFO  [main] liquibase: Successfully released change log lock
2018-04-23 16:59:07,867 INFO  [main] LocalContainerEntityManagerFactoryBean: Building JPA container EntityManagerFactory for persistence unit 'default'
2018-04-23 16:59:07,884 INFO  [main] LogHelper: HHH000204: Processing PersistenceUnitInfo [
	name: default
	...]
2018-04-23 16:59:07,947 INFO  [main] Version: HHH000412: Hibernate Core {5.2.14.Final}
2018-04-23 16:59:07,948 INFO  [main] Environment: HHH000206: hibernate.properties not found
2018-04-23 16:59:07,987 INFO  [main] Version: HCANN000001: Hibernate Commons Annotations {5.0.1.Final}
2018-04-23 16:59:08,105 INFO  [main] Dialect: HHH000400: Using dialect: org.hibernate.dialect.MySQL5Dialect
2018-04-23 16:59:08,756 INFO  [main] LocalContainerEntityManagerFactoryBean: Initialized JPA EntityManagerFactory for persistence unit 'default'
2018-04-23 16:59:09,493 INFO  [main] QueryTranslatorFactoryInitiator: HHH000397: Using ASTQueryTranslatorFactory
2018-04-23 16:59:10,451 INFO  [main] RequestMappingHandlerAdapter: Looking for @ControllerAdvice: org.springframework.boot.web.servlet.context.AnnotationConfigServletWebServerApplicationContext@4879dfad: startup date [Mon Apr 23 16:59:03 EET 2018]; root of context hierarchy
2018-04-23 16:59:10,528 WARN  [main] JpaBaseConfiguration$JpaWebConfiguration$JpaWebMvcConfiguration: spring.jpa.open-in-view is enabled by default. Therefore, database queries may be performed during view rendering. Explicitly configure spring.jpa.open-in-view to disable this warning
2018-04-23 16:59:10,581 INFO  [main] RequestMappingHandlerMapping: Mapped "{[/articles],methods=[POST]}" onto public org.springframework.http.ResponseEntity<com.crossover.techtrial.model.Article> com.crossover.techtrial.controller.ArticleController.createArticle(com.crossover.techtrial.model.Article)
2018-04-23 16:59:10,583 INFO  [main] RequestMappingHandlerMapping: Mapped "{[/articles/{article-id}],methods=[GET]}" onto public org.springframework.http.ResponseEntity<com.crossover.techtrial.model.Article> com.crossover.techtrial.controller.ArticleController.getArticleById(java.lang.Long)
2018-04-23 16:59:10,583 INFO  [main] RequestMappingHandlerMapping: Mapped "{[/articles],methods=[PUT]}" onto public org.springframework.http.ResponseEntity<com.crossover.techtrial.model.Article> com.crossover.techtrial.controller.ArticleController.updateArticle(com.crossover.techtrial.model.Article)
2018-04-23 16:59:10,583 INFO  [main] RequestMappingHandlerMapping: Mapped "{[/articles/{article-id}],methods=[DELETE]}" onto public org.springframework.http.ResponseEntity<com.crossover.techtrial.model.Article> com.crossover.techtrial.controller.ArticleController.deleteArticleById(java.lang.Long)
2018-04-23 16:59:10,584 INFO  [main] RequestMappingHandlerMapping: Mapped "{[/articles/search],methods=[GET]}" onto public org.springframework.http.ResponseEntity<java.util.List<com.crossover.techtrial.model.Article>> com.crossover.techtrial.controller.ArticleController.searchArticles(java.lang.String)
2018-04-23 16:59:10,585 INFO  [main] RequestMappingHandlerMapping: Mapped "{[/comments],methods=[POST]}" onto public org.springframework.http.ResponseEntity<com.crossover.techtrial.model.Comment> com.crossover.techtrial.controller.CommentController.createComment(com.crossover.techtrial.model.Comment)
2018-04-23 16:59:10,586 INFO  [main] RequestMappingHandlerMapping: Mapped "{[/comments/{comment-id}],methods=[DELETE]}" onto public org.springframework.http.ResponseEntity<com.crossover.techtrial.model.Article> com.crossover.techtrial.controller.CommentController.deleteArticleById(java.lang.Long)
2018-04-23 16:59:10,586 INFO  [main] RequestMappingHandlerMapping: Mapped "{[/comments/{comments-id}],methods=[GET]}" onto public org.springframework.http.ResponseEntity<com.crossover.techtrial.model.Comment> com.crossover.techtrial.controller.CommentController.getCommentById(java.lang.Long)
2018-04-23 16:59:10,586 INFO  [main] RequestMappingHandlerMapping: Mapped "{[/comments],methods=[PUT]}" onto public org.springframework.http.ResponseEntity<com.crossover.techtrial.model.Comment> com.crossover.techtrial.controller.CommentController.updateComment(com.crossover.techtrial.model.Comment)
2018-04-23 16:59:10,591 INFO  [main] RequestMappingHandlerMapping: Mapped "{[/error],produces=[text/html]}" onto public org.springframework.web.servlet.ModelAndView org.springframework.boot.autoconfigure.web.servlet.error.BasicErrorController.errorHtml(javax.servlet.http.HttpServletRequest,javax.servlet.http.HttpServletResponse)
2018-04-23 16:59:10,592 INFO  [main] RequestMappingHandlerMapping: Mapped "{[/error]}" onto public org.springframework.http.ResponseEntity<java.util.Map<java.lang.String, java.lang.Object>> org.springframework.boot.autoconfigure.web.servlet.error.BasicErrorController.error(javax.servlet.http.HttpServletRequest)
2018-04-23 16:59:10,644 INFO  [main] SimpleUrlHandlerMapping: Mapped URL path [/webjars/**] onto handler of type [class org.springframework.web.servlet.resource.ResourceHttpRequestHandler]
2018-04-23 16:59:10,644 INFO  [main] SimpleUrlHandlerMapping: Mapped URL path [/**] onto handler of type [class org.springframework.web.servlet.resource.ResourceHttpRequestHandler]
2018-04-23 16:59:10,669 INFO  [main] ExceptionHandlerExceptionResolver: Detected @ExceptionHandler methods in globalExceptionHandler
2018-04-23 16:59:10,670 INFO  [main] ExceptionHandlerExceptionResolver: Detected @ExceptionHandler methods in repositoryRestExceptionHandler
2018-04-23 16:59:10,761 INFO  [main] SimpleUrlHandlerMapping: Mapped URL path [/**/favicon.ico] onto handler of type [class org.springframework.web.servlet.resource.ResourceHttpRequestHandler]
2018-04-23 16:59:10,929 INFO  [main] RepositoryRestHandlerAdapter: Looking for @ControllerAdvice: org.springframework.boot.web.servlet.context.AnnotationConfigServletWebServerApplicationContext@4879dfad: startup date [Mon Apr 23 16:59:03 EET 2018]; root of context hierarchy
2018-04-23 16:59:10,951 INFO  [main] RepositoryRestHandlerMapping: Mapped "{[/api/{repository}],methods=[OPTIONS],produces=[application/hal+json || application/json]}" onto public org.springframework.http.ResponseEntity<?> org.springframework.data.rest.webmvc.RepositoryEntityController.optionsForCollectionResource(org.springframework.data.rest.webmvc.RootResourceInformation)
2018-04-23 16:59:10,951 INFO  [main] RepositoryRestHandlerMapping: Mapped "{[/api/{repository}],methods=[HEAD],produces=[application/hal+json || application/json]}" onto public org.springframework.http.ResponseEntity<?> org.springframework.data.rest.webmvc.RepositoryEntityController.headCollectionResource(org.springframework.data.rest.webmvc.RootResourceInformation,org.springframework.data.rest.webmvc.support.DefaultedPageable) throws org.springframework.web.HttpRequestMethodNotSupportedException
2018-04-23 16:59:10,952 INFO  [main] RepositoryRestHandlerMapping: Mapped "{[/api/{repository}],methods=[GET],produces=[application/hal+json || application/json]}" onto public org.springframework.hateoas.Resources<?> org.springframework.data.rest.webmvc.RepositoryEntityController.getCollectionResource(org.springframework.data.rest.webmvc.RootResourceInformation,org.springframework.data.rest.webmvc.support.DefaultedPageable,org.springframework.data.domain.Sort,org.springframework.data.rest.webmvc.PersistentEntityResourceAssembler) throws org.springframework.data.rest.webmvc.ResourceNotFoundException,org.springframework.web.HttpRequestMethodNotSupportedException
2018-04-23 16:59:10,952 INFO  [main] RepositoryRestHandlerMapping: Mapped "{[/api/{repository}],methods=[GET],produces=[application/x-spring-data-compact+json || text/uri-list]}" onto public org.springframework.hateoas.Resources<?> org.springframework.data.rest.webmvc.RepositoryEntityController.getCollectionResourceCompact(org.springframework.data.rest.webmvc.RootResourceInformation,org.springframework.data.rest.webmvc.support.DefaultedPageable,org.springframework.data.domain.Sort,org.springframework.data.rest.webmvc.PersistentEntityResourceAssembler) throws org.springframework.data.rest.webmvc.ResourceNotFoundException,org.springframework.web.HttpRequestMethodNotSupportedException
2018-04-23 16:59:10,953 INFO  [main] RepositoryRestHandlerMapping: Mapped "{[/api/{repository}],methods=[POST],produces=[application/hal+json || application/json]}" onto public org.springframework.http.ResponseEntity<org.springframework.hateoas.ResourceSupport> org.springframework.data.rest.webmvc.RepositoryEntityController.postCollectionResource(org.springframework.data.rest.webmvc.RootResourceInformation,org.springframework.data.rest.webmvc.PersistentEntityResource,org.springframework.data.rest.webmvc.PersistentEntityResourceAssembler,java.lang.String) throws org.springframework.web.HttpRequestMethodNotSupportedException
2018-04-23 16:59:10,953 INFO  [main] RepositoryRestHandlerMapping: Mapped "{[/api/{repository}/{id}],methods=[OPTIONS],produces=[application/hal+json || application/json]}" onto public org.springframework.http.ResponseEntity<?> org.springframework.data.rest.webmvc.RepositoryEntityController.optionsForItemResource(org.springframework.data.rest.webmvc.RootResourceInformation)
2018-04-23 16:59:10,954 INFO  [main] RepositoryRestHandlerMapping: Mapped "{[/api/{repository}/{id}],methods=[HEAD],produces=[application/hal+json || application/json]}" onto public org.springframework.http.ResponseEntity<?> org.springframework.data.rest.webmvc.RepositoryEntityController.headForItemResource(org.springframework.data.rest.webmvc.RootResourceInformation,java.io.Serializable,org.springframework.data.rest.webmvc.PersistentEntityResourceAssembler) throws org.springframework.web.HttpRequestMethodNotSupportedException
2018-04-23 16:59:10,954 INFO  [main] RepositoryRestHandlerMapping: Mapped "{[/api/{repository}/{id}],methods=[GET],produces=[application/hal+json || application/json]}" onto public org.springframework.http.ResponseEntity<org.springframework.hateoas.Resource<?>> org.springframework.data.rest.webmvc.RepositoryEntityController.getItemResource(org.springframework.data.rest.webmvc.RootResourceInformation,java.io.Serializable,org.springframework.data.rest.webmvc.PersistentEntityResourceAssembler,org.springframework.http.HttpHeaders) throws org.springframework.web.HttpRequestMethodNotSupportedException
2018-04-23 16:59:10,954 INFO  [main] RepositoryRestHandlerMapping: Mapped "{[/api/{repository}/{id}],methods=[PUT],produces=[application/hal+json || application/json]}" onto public org.springframework.http.ResponseEntity<? extends org.springframework.hateoas.ResourceSupport> org.springframework.data.rest.webmvc.RepositoryEntityController.putItemResource(org.springframework.data.rest.webmvc.RootResourceInformation,org.springframework.data.rest.webmvc.PersistentEntityResource,java.io.Serializable,org.springframework.data.rest.webmvc.PersistentEntityResourceAssembler,org.springframework.data.rest.webmvc.support.ETag,java.lang.String) throws org.springframework.web.HttpRequestMethodNotSupportedException
2018-04-23 16:59:10,955 INFO  [main] RepositoryRestHandlerMapping: Mapped "{[/api/{repository}/{id}],methods=[PATCH],produces=[application/hal+json || application/json]}" onto public org.springframework.http.ResponseEntity<org.springframework.hateoas.ResourceSupport> org.springframework.data.rest.webmvc.RepositoryEntityController.patchItemResource(org.springframework.data.rest.webmvc.RootResourceInformation,org.springframework.data.rest.webmvc.PersistentEntityResource,java.io.Serializable,org.springframework.data.rest.webmvc.PersistentEntityResourceAssembler,org.springframework.data.rest.webmvc.support.ETag,java.lang.String) throws org.springframework.web.HttpRequestMethodNotSupportedException,org.springframework.data.rest.webmvc.ResourceNotFoundException
2018-04-23 16:59:10,955 INFO  [main] RepositoryRestHandlerMapping: Mapped "{[/api/{repository}/{id}],methods=[DELETE],produces=[application/hal+json || application/json]}" onto public org.springframework.http.ResponseEntity<?> org.springframework.data.rest.webmvc.RepositoryEntityController.deleteItemResource(org.springframework.data.rest.webmvc.RootResourceInformation,java.io.Serializable,org.springframework.data.rest.webmvc.support.ETag) throws org.springframework.data.rest.webmvc.ResourceNotFoundException,org.springframework.web.HttpRequestMethodNotSupportedException
2018-04-23 16:59:10,958 INFO  [main] RepositoryRestHandlerMapping: Mapped "{[/api/ || /api],methods=[GET],produces=[application/hal+json || application/json]}" onto public org.springframework.http.HttpEntity<org.springframework.data.rest.webmvc.RepositoryLinksResource> org.springframework.data.rest.webmvc.RepositoryController.listRepositories()
2018-04-23 16:59:10,958 INFO  [main] RepositoryRestHandlerMapping: Mapped "{[/api/ || /api],methods=[OPTIONS],produces=[application/hal+json || application/json]}" onto public org.springframework.http.HttpEntity<?> org.springframework.data.rest.webmvc.RepositoryController.optionsForRepositories()
2018-04-23 16:59:10,959 INFO  [main] RepositoryRestHandlerMapping: Mapped "{[/api/ || /api],methods=[HEAD],produces=[application/hal+json || application/json]}" onto public org.springframework.http.ResponseEntity<?> org.springframework.data.rest.webmvc.RepositoryController.headForRepositories()
2018-04-23 16:59:10,961 INFO  [main] RepositoryRestHandlerMapping: Mapped "{[/api/{repository}/{id}/{property}],methods=[DELETE],produces=[application/hal+json || application/json]}" onto public org.springframework.http.ResponseEntity<? extends org.springframework.hateoas.ResourceSupport> org.springframework.data.rest.webmvc.RepositoryPropertyReferenceController.deletePropertyReference(org.springframework.data.rest.webmvc.RootResourceInformation,java.io.Serializable,java.lang.String) throws java.lang.Exception
2018-04-23 16:59:10,962 INFO  [main] RepositoryRestHandlerMapping: Mapped "{[/api/{repository}/{id}/{property}],methods=[GET],produces=[application/x-spring-data-compact+json || text/uri-list]}" onto public org.springframework.http.ResponseEntity<org.springframework.hateoas.ResourceSupport> org.springframework.data.rest.webmvc.RepositoryPropertyReferenceController.followPropertyReferenceCompact(org.springframework.data.rest.webmvc.RootResourceInformation,java.io.Serializable,java.lang.String,org.springframework.data.rest.webmvc.PersistentEntityResourceAssembler) throws java.lang.Exception
2018-04-23 16:59:10,962 INFO  [main] RepositoryRestHandlerMapping: Mapped "{[/api/{repository}/{id}/{property}],methods=[PATCH || PUT || POST],consumes=[application/json || application/x-spring-data-compact+json || text/uri-list],produces=[application/hal+json || application/json]}" onto public org.springframework.http.ResponseEntity<? extends org.springframework.hateoas.ResourceSupport> org.springframework.data.rest.webmvc.RepositoryPropertyReferenceController.createPropertyReference(org.springframework.data.rest.webmvc.RootResourceInformation,org.springframework.http.HttpMethod,org.springframework.hateoas.Resources<java.lang.Object>,java.io.Serializable,java.lang.String) throws java.lang.Exception
2018-04-23 16:59:10,963 INFO  [main] RepositoryRestHandlerMapping: Mapped "{[/api/{repository}/{id}/{property}/{propertyId}],methods=[DELETE],produces=[application/hal+json || application/json]}" onto public org.springframework.http.ResponseEntity<org.springframework.hateoas.ResourceSupport> org.springframework.data.rest.webmvc.RepositoryPropertyReferenceController.deletePropertyReferenceId(org.springframework.data.rest.webmvc.RootResourceInformation,java.io.Serializable,java.lang.String,java.lang.String) throws java.lang.Exception
2018-04-23 16:59:10,963 INFO  [main] RepositoryRestHandlerMapping: Mapped "{[/api/{repository}/{id}/{property}/{propertyId}],methods=[GET],produces=[application/hal+json || application/json]}" onto public org.springframework.http.ResponseEntity<org.springframework.hateoas.ResourceSupport> org.springframework.data.rest.webmvc.RepositoryPropertyReferenceController.followPropertyReference(org.springframework.data.rest.webmvc.RootResourceInformation,java.io.Serializable,java.lang.String,java.lang.String,org.springframework.data.rest.webmvc.PersistentEntityResourceAssembler) throws java.lang.Exception
2018-04-23 16:59:10,963 INFO  [main] RepositoryRestHandlerMapping: Mapped "{[/api/{repository}/{id}/{property}],methods=[GET],produces=[application/hal+json || application/json]}" onto public org.springframework.http.ResponseEntity<org.springframework.hateoas.ResourceSupport> org.springframework.data.rest.webmvc.RepositoryPropertyReferenceController.followPropertyReference(org.springframework.data.rest.webmvc.RootResourceInformation,java.io.Serializable,java.lang.String,org.springframework.data.rest.webmvc.PersistentEntityResourceAssembler) throws java.lang.Exception
2018-04-23 16:59:10,965 INFO  [main] RepositoryRestHandlerMapping: Mapped "{[/api/{repository}/search],methods=[HEAD],produces=[application/hal+json || application/json]}" onto public org.springframework.http.HttpEntity<?> org.springframework.data.rest.webmvc.RepositorySearchController.headForSearches(org.springframework.data.rest.webmvc.RootResourceInformation)
2018-04-23 16:59:10,966 INFO  [main] RepositoryRestHandlerMapping: Mapped "{[/api/{repository}/search],methods=[GET],produces=[application/hal+json || application/json]}" onto public org.springframework.data.rest.webmvc.RepositorySearchesResource org.springframework.data.rest.webmvc.RepositorySearchController.listSearches(org.springframework.data.rest.webmvc.RootResourceInformation)
2018-04-23 16:59:10,966 INFO  [main] RepositoryRestHandlerMapping: Mapped "{[/api/{repository}/search/{search}],methods=[GET],produces=[application/hal+json || application/json]}" onto public org.springframework.http.ResponseEntity<?> org.springframework.data.rest.webmvc.RepositorySearchController.executeSearch(org.springframework.data.rest.webmvc.RootResourceInformation,org.springframework.util.MultiValueMap<java.lang.String, java.lang.Object>,java.lang.String,org.springframework.data.rest.webmvc.support.DefaultedPageable,org.springframework.data.domain.Sort,org.springframework.data.rest.webmvc.PersistentEntityResourceAssembler,org.springframework.http.HttpHeaders)
2018-04-23 16:59:10,967 INFO  [main] RepositoryRestHandlerMapping: Mapped "{[/api/{repository}/search/{search}],methods=[GET],produces=[application/x-spring-data-compact+json]}" onto public org.springframework.hateoas.ResourceSupport org.springframework.data.rest.webmvc.RepositorySearchController.executeSearchCompact(org.springframework.data.rest.webmvc.RootResourceInformation,org.springframework.http.HttpHeaders,org.springframework.util.MultiValueMap<java.lang.String, java.lang.Object>,java.lang.String,java.lang.String,org.springframework.data.rest.webmvc.support.DefaultedPageable,org.springframework.data.domain.Sort,org.springframework.data.rest.webmvc.PersistentEntityResourceAssembler)
2018-04-23 16:59:10,967 INFO  [main] RepositoryRestHandlerMapping: Mapped "{[/api/{repository}/search/{search}],methods=[OPTIONS],produces=[application/hal+json || application/json]}" onto public org.springframework.http.ResponseEntity<java.lang.Object> org.springframework.data.rest.webmvc.RepositorySearchController.optionsForSearch(org.springframework.data.rest.webmvc.RootResourceInformation,java.lang.String)
2018-04-23 16:59:10,967 INFO  [main] RepositoryRestHandlerMapping: Mapped "{[/api/{repository}/search/{search}],methods=[HEAD],produces=[application/hal+json || application/json]}" onto public org.springframework.http.ResponseEntity<java.lang.Object> org.springframework.data.rest.webmvc.RepositorySearchController.headForSearch(org.springframework.data.rest.webmvc.RootResourceInformation,java.lang.String)
2018-04-23 16:59:10,968 INFO  [main] RepositoryRestHandlerMapping: Mapped "{[/api/{repository}/search],methods=[OPTIONS],produces=[application/hal+json || application/json]}" onto public org.springframework.http.HttpEntity<?> org.springframework.data.rest.webmvc.RepositorySearchController.optionsForSearches(org.springframework.data.rest.webmvc.RootResourceInformation)
2018-04-23 16:59:10,972 INFO  [main] BasePathAwareHandlerMapping: Mapped "{[/api/profile/{repository}],methods=[GET],produces=[application/schema+json]}" onto public org.springframework.http.HttpEntity<org.springframework.data.rest.webmvc.json.JsonSchema> org.springframework.data.rest.webmvc.RepositorySchemaController.schema(org.springframework.data.rest.webmvc.RootResourceInformation)
2018-04-23 16:59:10,973 INFO  [main] BasePathAwareHandlerMapping: Mapped "{[/api/profile],methods=[OPTIONS]}" onto public org.springframework.http.HttpEntity<?> org.springframework.data.rest.webmvc.ProfileController.profileOptions()
2018-04-23 16:59:10,973 INFO  [main] BasePathAwareHandlerMapping: Mapped "{[/api/profile],methods=[GET]}" onto org.springframework.http.HttpEntity<org.springframework.hateoas.ResourceSupport> org.springframework.data.rest.webmvc.ProfileController.listAllFormsOfMetadata()
2018-04-23 16:59:10,974 INFO  [main] BasePathAwareHandlerMapping: Mapped "{[/api/profile/{repository}],methods=[GET],produces=[application/alps+json || */*]}" onto org.springframework.http.HttpEntity<org.springframework.data.rest.webmvc.RootResourceInformation> org.springframework.data.rest.webmvc.alps.AlpsController.descriptor(org.springframework.data.rest.webmvc.RootResourceInformation)
2018-04-23 16:59:10,974 INFO  [main] BasePathAwareHandlerMapping: Mapped "{[/api/profile/{repository}],methods=[OPTIONS],produces=[application/alps+json]}" onto org.springframework.http.HttpEntity<?> org.springframework.data.rest.webmvc.alps.AlpsController.alpsOptions()
2018-04-23 16:59:11,187 INFO  [main] AnnotationMBeanExporter: Registering beans for JMX exposure on startup
2018-04-23 16:59:11,189 INFO  [main] AnnotationMBeanExporter: Bean with name 'dataSource' has been autodetected for JMX exposure
2018-04-23 16:59:11,198 INFO  [main] AnnotationMBeanExporter: Located MBean 'dataSource': registering with JMX server as MBean [com.zaxxer.hikari:name=dataSource,type=HikariDataSource]
2018-04-23 16:59:11,249 INFO  [main] TomcatWebServer: Tomcat started on port(s): 8080 (http) with context path ''
2018-04-23 16:59:11,252 INFO  [main] CrossBlogsApplication: Started CrossBlogsApplication in 9.253 seconds (JVM running for 9.712)
2018-04-23 17:10:55,131 INFO  [Thread-3] AnnotationConfigServletWebServerApplicationContext: Closing org.springframework.boot.web.servlet.context.AnnotationConfigServletWebServerApplicationContext@4879dfad: startup date [Mon Apr 23 16:59:03 EET 2018]; root of context hierarchy
2018-04-23 17:10:55,140 INFO  [Thread-3] AnnotationMBeanExporter: Unregistering JMX-exposed beans on shutdown
2018-04-23 17:10:55,141 INFO  [Thread-3] AnnotationMBeanExporter: Unregistering JMX-exposed beans
2018-04-23 17:10:55,154 INFO  [Thread-3] LocalContainerEntityManagerFactoryBean: Closing JPA EntityManagerFactory for persistence unit 'default'
2018-04-23 17:10:55,161 INFO  [Thread-3] HikariDataSource: HikariPool-1 - Shutdown initiated...
2018-04-23 17:10:55,188 INFO  [Thread-3] HikariDataSource: HikariPool-1 - Shutdown completed.
2018-04-23 17:11:03,289 INFO  [main] CrossBlogsApplication: Starting CrossBlogsApplication on ramazan-Lenovo-G50-70 with PID 3561 (/home/ramazan/Documents/crossovertest/crossblogs-java-sa/bin/main started by ramazan in /home/ramazan/Documents/crossovertest/crossblogs-java-sa)
2018-04-23 17:11:03,293 INFO  [main] CrossBlogsApplication: The following profiles are active: dev
2018-04-23 17:11:03,349 INFO  [main] AnnotationConfigServletWebServerApplicationContext: Refreshing org.springframework.boot.web.servlet.context.AnnotationConfigServletWebServerApplicationContext@4879dfad: startup date [Mon Apr 23 17:11:03 EET 2018]; root of context hierarchy
2018-04-23 17:11:04,574 INFO  [main] DefaultListableBeanFactory: Overriding bean definition for bean 'httpRequestHandlerAdapter' with a different definition: replacing [Root bean: class [null]; scope=; abstract=false; lazyInit=false; autowireMode=3; dependencyCheck=0; autowireCandidate=true; primary=false; factoryBeanName=org.springframework.boot.autoconfigure.web.servlet.WebMvcAutoConfiguration$EnableWebMvcConfiguration; factoryMethodName=httpRequestHandlerAdapter; initMethodName=null; destroyMethodName=(inferred); defined in class path resource [org/springframework/boot/autoconfigure/web/servlet/WebMvcAutoConfiguration$EnableWebMvcConfiguration.class]] with [Root bean: class [null]; scope=; abstract=false; lazyInit=false; autowireMode=3; dependencyCheck=0; autowireCandidate=true; primary=false; factoryBeanName=org.springframework.data.rest.webmvc.config.RepositoryRestMvcConfiguration; factoryMethodName=httpRequestHandlerAdapter; initMethodName=null; destroyMethodName=(inferred); defined in class path resource [org/springframework/data/rest/webmvc/config/RepositoryRestMvcConfiguration.class]]
2018-04-23 17:11:05,134 INFO  [main] PostProcessorRegistrationDelegate$BeanPostProcessorChecker: Bean 'org.springframework.transaction.annotation.ProxyTransactionManagementConfiguration' of type [org.springframework.transaction.annotation.ProxyTransactionManagementConfiguration$$EnhancerBySpringCGLIB$$69faa3b1] is not eligible for getting processed by all BeanPostProcessors (for example: not eligible for auto-proxying)
2018-04-23 17:11:05,614 INFO  [main] TomcatWebServer: Tomcat initialized with port(s): 8080 (http)
2018-04-23 17:11:05,645 INFO  [main] StandardService: Starting service [Tomcat]
2018-04-23 17:11:05,645 INFO  [main] StandardEngine: Starting Servlet Engine: Apache Tomcat/8.5.28
2018-04-23 17:11:05,655 INFO  [localhost-startStop-1] AprLifecycleListener: The APR based Apache Tomcat Native library which allows optimal performance in production environments was not found on the java.library.path: [/usr/java/packages/lib/amd64:/usr/lib/x86_64-linux-gnu/jni:/lib/x86_64-linux-gnu:/usr/lib/x86_64-linux-gnu:/usr/lib/jni:/lib:/usr/lib]
2018-04-23 17:11:05,756 INFO  [localhost-startStop-1] [/]: Initializing Spring embedded WebApplicationContext
2018-04-23 17:11:05,756 INFO  [localhost-startStop-1] ContextLoader: Root WebApplicationContext: initialization completed in 2408 ms
2018-04-23 17:11:05,904 INFO  [localhost-startStop-1] ServletRegistrationBean: Servlet dispatcherServlet mapped to [/]
2018-04-23 17:11:05,911 INFO  [localhost-startStop-1] FilterRegistrationBean: Mapping filter: 'characterEncodingFilter' to: [/*]
2018-04-23 17:11:05,912 INFO  [localhost-startStop-1] FilterRegistrationBean: Mapping filter: 'hiddenHttpMethodFilter' to: [/*]
2018-04-23 17:11:05,912 INFO  [localhost-startStop-1] FilterRegistrationBean: Mapping filter: 'httpPutFormContentFilter' to: [/*]
2018-04-23 17:11:05,912 INFO  [localhost-startStop-1] FilterRegistrationBean: Mapping filter: 'requestContextFilter' to: [/*]
2018-04-23 17:11:06,275 INFO  [main] HikariDataSource: HikariPool-1 - Starting...
2018-04-23 17:11:06,555 INFO  [main] HikariDataSource: HikariPool-1 - Start completed.
2018-04-23 17:11:06,830 INFO  [main] liquibase: Successfully acquired change log lock
2018-04-23 17:11:07,741 INFO  [main] liquibase: Reading from crossblogs.DATABASECHANGELOG
2018-04-23 17:11:07,759 WARN  [main] liquibase: modifyDataType will lose primary key/autoincrement/not null settings for mysql.  Use <sql> and re-specify all configuration if this is the case
2018-04-23 17:11:07,760 WARN  [main] liquibase: modifyDataType will lose primary key/autoincrement/not null settings for mysql.  Use <sql> and re-specify all configuration if this is the case
2018-04-23 17:11:09,676 INFO  [main] liquibase: classpath:/db/changelog/db.changelog-master.xml: db/changelog/db.changelog-1.1.xml::1484386901782-2::crossover: article.title datatype was changed to VARCHAR(120)
2018-04-23 17:11:10,667 INFO  [main] liquibase: classpath:/db/changelog/db.changelog-master.xml: db/changelog/db.changelog-1.1.xml::1484386901782-2::crossover: article.content datatype was changed to TEXT
2018-04-23 17:11:11,605 INFO  [main] liquibase: classpath:/db/changelog/db.changelog-master.xml: db/changelog/db.changelog-1.1.xml::1484386901782-2::crossover: comment.message datatype was changed to TEXT
2018-04-23 17:11:12,341 INFO  [main] liquibase: classpath:/db/changelog/db.changelog-master.xml: db/changelog/db.changelog-1.1.xml::1484386901782-2::crossover: Null constraint has been added to article.email
2018-04-23 17:11:13,076 INFO  [main] liquibase: classpath:/db/changelog/db.changelog-master.xml: db/changelog/db.changelog-1.1.xml::1484386901782-2::crossover: Null constraint has been added to comment.email
2018-04-23 17:11:13,077 INFO  [main] liquibase: classpath:/db/changelog/db.changelog-master.xml: db/changelog/db.changelog-1.1.xml::1484386901782-2::crossover: ChangeSet db/changelog/db.changelog-1.1.xml::1484386901782-2::crossover ran successfully in 5316ms
2018-04-23 17:11:13,210 INFO  [main] liquibase: Successfully released change log lock
2018-04-23 17:11:13,359 INFO  [main] LocalContainerEntityManagerFactoryBean: Building JPA container EntityManagerFactory for persistence unit 'default'
2018-04-23 17:11:13,383 INFO  [main] LogHelper: HHH000204: Processing PersistenceUnitInfo [
	name: default
	...]
2018-04-23 17:11:13,471 INFO  [main] Version: HHH000412: Hibernate Core {5.2.14.Final}
2018-04-23 17:11:13,473 INFO  [main] Environment: HHH000206: hibernate.properties not found
2018-04-23 17:11:13,523 INFO  [main] Version: HCANN000001: Hibernate Commons Annotations {5.0.1.Final}
2018-04-23 17:11:13,666 INFO  [main] Dialect: HHH000400: Using dialect: org.hibernate.dialect.MySQL5Dialect
2018-04-23 17:11:14,203 INFO  [main] LocalContainerEntityManagerFactoryBean: Initialized JPA EntityManagerFactory for persistence unit 'default'
2018-04-23 17:11:14,904 INFO  [main] QueryTranslatorFactoryInitiator: HHH000397: Using ASTQueryTranslatorFactory
2018-04-23 17:11:15,840 INFO  [main] RequestMappingHandlerAdapter: Looking for @ControllerAdvice: org.springframework.boot.web.servlet.context.AnnotationConfigServletWebServerApplicationContext@4879dfad: startup date [Mon Apr 23 17:11:03 EET 2018]; root of context hierarchy
2018-04-23 17:11:15,919 WARN  [main] JpaBaseConfiguration$JpaWebConfiguration$JpaWebMvcConfiguration: spring.jpa.open-in-view is enabled by default. Therefore, database queries may be performed during view rendering. Explicitly configure spring.jpa.open-in-view to disable this warning
2018-04-23 17:11:15,973 INFO  [main] RequestMappingHandlerMapping: Mapped "{[/articles],methods=[POST]}" onto public org.springframework.http.ResponseEntity<com.crossover.techtrial.model.Article> com.crossover.techtrial.controller.ArticleController.createArticle(com.crossover.techtrial.model.Article)
2018-04-23 17:11:15,975 INFO  [main] RequestMappingHandlerMapping: Mapped "{[/articles/{article-id}],methods=[GET]}" onto public org.springframework.http.ResponseEntity<com.crossover.techtrial.model.Article> com.crossover.techtrial.controller.ArticleController.getArticleById(java.lang.Long)
2018-04-23 17:11:15,975 INFO  [main] RequestMappingHandlerMapping: Mapped "{[/articles],methods=[PUT]}" onto public org.springframework.http.ResponseEntity<com.crossover.techtrial.model.Article> com.crossover.techtrial.controller.ArticleController.updateArticle(com.crossover.techtrial.model.Article)
2018-04-23 17:11:15,975 INFO  [main] RequestMappingHandlerMapping: Mapped "{[/articles/{article-id}],methods=[DELETE]}" onto public org.springframework.http.ResponseEntity<com.crossover.techtrial.model.Article> com.crossover.techtrial.controller.ArticleController.deleteArticleById(java.lang.Long)
2018-04-23 17:11:15,976 INFO  [main] RequestMappingHandlerMapping: Mapped "{[/articles/search],methods=[GET]}" onto public org.springframework.http.ResponseEntity<java.util.List<com.crossover.techtrial.model.Article>> com.crossover.techtrial.controller.ArticleController.searchArticles(java.lang.String)
2018-04-23 17:11:15,979 INFO  [main] RequestMappingHandlerMapping: Mapped "{[/comments],methods=[POST]}" onto public org.springframework.http.ResponseEntity<com.crossover.techtrial.model.Comment> com.crossover.techtrial.controller.CommentController.createComment(com.crossover.techtrial.model.Comment)
2018-04-23 17:11:15,979 INFO  [main] RequestMappingHandlerMapping: Mapped "{[/comments/{comment-id}],methods=[DELETE]}" onto public org.springframework.http.ResponseEntity<com.crossover.techtrial.model.Article> com.crossover.techtrial.controller.CommentController.deleteArticleById(java.lang.Long)
2018-04-23 17:11:15,979 INFO  [main] RequestMappingHandlerMapping: Mapped "{[/comments/{comments-id}],methods=[GET]}" onto public org.springframework.http.ResponseEntity<com.crossover.techtrial.model.Comment> com.crossover.techtrial.controller.CommentController.getCommentById(java.lang.Long)
2018-04-23 17:11:15,980 INFO  [main] RequestMappingHandlerMapping: Mapped "{[/comments],methods=[PUT]}" onto public org.springframework.http.ResponseEntity<com.crossover.techtrial.model.Comment> com.crossover.techtrial.controller.CommentController.updateComment(com.crossover.techtrial.model.Comment)
2018-04-23 17:11:15,986 INFO  [main] RequestMappingHandlerMapping: Mapped "{[/error],produces=[text/html]}" onto public org.springframework.web.servlet.ModelAndView org.springframework.boot.autoconfigure.web.servlet.error.BasicErrorController.errorHtml(javax.servlet.http.HttpServletRequest,javax.servlet.http.HttpServletResponse)
2018-04-23 17:11:15,987 INFO  [main] RequestMappingHandlerMapping: Mapped "{[/error]}" onto public org.springframework.http.ResponseEntity<java.util.Map<java.lang.String, java.lang.Object>> org.springframework.boot.autoconfigure.web.servlet.error.BasicErrorController.error(javax.servlet.http.HttpServletRequest)
2018-04-23 17:11:16,038 INFO  [main] SimpleUrlHandlerMapping: Mapped URL path [/webjars/**] onto handler of type [class org.springframework.web.servlet.resource.ResourceHttpRequestHandler]
2018-04-23 17:11:16,038 INFO  [main] SimpleUrlHandlerMapping: Mapped URL path [/**] onto handler of type [class org.springframework.web.servlet.resource.ResourceHttpRequestHandler]
2018-04-23 17:11:16,060 INFO  [main] ExceptionHandlerExceptionResolver: Detected @ExceptionHandler methods in globalExceptionHandler
2018-04-23 17:11:16,061 INFO  [main] ExceptionHandlerExceptionResolver: Detected @ExceptionHandler methods in repositoryRestExceptionHandler
2018-04-23 17:11:16,144 INFO  [main] SimpleUrlHandlerMapping: Mapped URL path [/**/favicon.ico] onto handler of type [class org.springframework.web.servlet.resource.ResourceHttpRequestHandler]
2018-04-23 17:11:16,330 INFO  [main] RepositoryRestHandlerAdapter: Looking for @ControllerAdvice: org.springframework.boot.web.servlet.context.AnnotationConfigServletWebServerApplicationContext@4879dfad: startup date [Mon Apr 23 17:11:03 EET 2018]; root of context hierarchy
2018-04-23 17:11:16,353 INFO  [main] RepositoryRestHandlerMapping: Mapped "{[/api/{repository}],methods=[OPTIONS],produces=[application/hal+json || application/json]}" onto public org.springframework.http.ResponseEntity<?> org.springframework.data.rest.webmvc.RepositoryEntityController.optionsForCollectionResource(org.springframework.data.rest.webmvc.RootResourceInformation)
2018-04-23 17:11:16,354 INFO  [main] RepositoryRestHandlerMapping: Mapped "{[/api/{repository}],methods=[HEAD],produces=[application/hal+json || application/json]}" onto public org.springframework.http.ResponseEntity<?> org.springframework.data.rest.webmvc.RepositoryEntityController.headCollectionResource(org.springframework.data.rest.webmvc.RootResourceInformation,org.springframework.data.rest.webmvc.support.DefaultedPageable) throws org.springframework.web.HttpRequestMethodNotSupportedException
2018-04-23 17:11:16,354 INFO  [main] RepositoryRestHandlerMapping: Mapped "{[/api/{repository}],methods=[GET],produces=[application/hal+json || application/json]}" onto public org.springframework.hateoas.Resources<?> org.springframework.data.rest.webmvc.RepositoryEntityController.getCollectionResource(org.springframework.data.rest.webmvc.RootResourceInformation,org.springframework.data.rest.webmvc.support.DefaultedPageable,org.springframework.data.domain.Sort,org.springframework.data.rest.webmvc.PersistentEntityResourceAssembler) throws org.springframework.data.rest.webmvc.ResourceNotFoundException,org.springframework.web.HttpRequestMethodNotSupportedException
2018-04-23 17:11:16,355 INFO  [main] RepositoryRestHandlerMapping: Mapped "{[/api/{repository}],methods=[GET],produces=[application/x-spring-data-compact+json || text/uri-list]}" onto public org.springframework.hateoas.Resources<?> org.springframework.data.rest.webmvc.RepositoryEntityController.getCollectionResourceCompact(org.springframework.data.rest.webmvc.RootResourceInformation,org.springframework.data.rest.webmvc.support.DefaultedPageable,org.springframework.data.domain.Sort,org.springframework.data.rest.webmvc.PersistentEntityResourceAssembler) throws org.springframework.data.rest.webmvc.ResourceNotFoundException,org.springframework.web.HttpRequestMethodNotSupportedException
2018-04-23 17:11:16,355 INFO  [main] RepositoryRestHandlerMapping: Mapped "{[/api/{repository}],methods=[POST],produces=[application/hal+json || application/json]}" onto public org.springframework.http.ResponseEntity<org.springframework.hateoas.ResourceSupport> org.springframework.data.rest.webmvc.RepositoryEntityController.postCollectionResource(org.springframework.data.rest.webmvc.RootResourceInformation,org.springframework.data.rest.webmvc.PersistentEntityResource,org.springframework.data.rest.webmvc.PersistentEntityResourceAssembler,java.lang.String) throws org.springframework.web.HttpRequestMethodNotSupportedException
2018-04-23 17:11:16,356 INFO  [main] RepositoryRestHandlerMapping: Mapped "{[/api/{repository}/{id}],methods=[OPTIONS],produces=[application/hal+json || application/json]}" onto public org.springframework.http.ResponseEntity<?> org.springframework.data.rest.webmvc.RepositoryEntityController.optionsForItemResource(org.springframework.data.rest.webmvc.RootResourceInformation)
2018-04-23 17:11:16,356 INFO  [main] RepositoryRestHandlerMapping: Mapped "{[/api/{repository}/{id}],methods=[HEAD],produces=[application/hal+json || application/json]}" onto public org.springframework.http.ResponseEntity<?> org.springframework.data.rest.webmvc.RepositoryEntityController.headForItemResource(org.springframework.data.rest.webmvc.RootResourceInformation,java.io.Serializable,org.springframework.data.rest.webmvc.PersistentEntityResourceAssembler) throws org.springframework.web.HttpRequestMethodNotSupportedException
2018-04-23 17:11:16,357 INFO  [main] RepositoryRestHandlerMapping: Mapped "{[/api/{repository}/{id}],methods=[GET],produces=[application/hal+json || application/json]}" onto public org.springframework.http.ResponseEntity<org.springframework.hateoas.Resource<?>> org.springframework.data.rest.webmvc.RepositoryEntityController.getItemResource(org.springframework.data.rest.webmvc.RootResourceInformation,java.io.Serializable,org.springframework.data.rest.webmvc.PersistentEntityResourceAssembler,org.springframework.http.HttpHeaders) throws org.springframework.web.HttpRequestMethodNotSupportedException
2018-04-23 17:11:16,357 INFO  [main] RepositoryRestHandlerMapping: Mapped "{[/api/{repository}/{id}],methods=[PUT],produces=[application/hal+json || application/json]}" onto public org.springframework.http.ResponseEntity<? extends org.springframework.hateoas.ResourceSupport> org.springframework.data.rest.webmvc.RepositoryEntityController.putItemResource(org.springframework.data.rest.webmvc.RootResourceInformation,org.springframework.data.rest.webmvc.PersistentEntityResource,java.io.Serializable,org.springframework.data.rest.webmvc.PersistentEntityResourceAssembler,org.springframework.data.rest.webmvc.support.ETag,java.lang.String) throws org.springframework.web.HttpRequestMethodNotSupportedException
2018-04-23 17:11:16,358 INFO  [main] RepositoryRestHandlerMapping: Mapped "{[/api/{repository}/{id}],methods=[PATCH],produces=[application/hal+json || application/json]}" onto public org.springframework.http.ResponseEntity<org.springframework.hateoas.ResourceSupport> org.springframework.data.rest.webmvc.RepositoryEntityController.patchItemResource(org.springframework.data.rest.webmvc.RootResourceInformation,org.springframework.data.rest.webmvc.PersistentEntityResource,java.io.Serializable,org.springframework.data.rest.webmvc.PersistentEntityResourceAssembler,org.springframework.data.rest.webmvc.support.ETag,java.lang.String) throws org.springframework.web.HttpRequestMethodNotSupportedException,org.springframework.data.rest.webmvc.ResourceNotFoundException
2018-04-23 17:11:16,358 INFO  [main] RepositoryRestHandlerMapping: Mapped "{[/api/{repository}/{id}],methods=[DELETE],produces=[application/hal+json || application/json]}" onto public org.springframework.http.ResponseEntity<?> org.springframework.data.rest.webmvc.RepositoryEntityController.deleteItemResource(org.springframework.data.rest.webmvc.RootResourceInformation,java.io.Serializable,org.springframework.data.rest.webmvc.support.ETag) throws org.springframework.data.rest.webmvc.ResourceNotFoundException,org.springframework.web.HttpRequestMethodNotSupportedException
2018-04-23 17:11:16,360 INFO  [main] RepositoryRestHandlerMapping: Mapped "{[/api/ || /api],methods=[GET],produces=[application/hal+json || application/json]}" onto public org.springframework.http.HttpEntity<org.springframework.data.rest.webmvc.RepositoryLinksResource> org.springframework.data.rest.webmvc.RepositoryController.listRepositories()
2018-04-23 17:11:16,361 INFO  [main] RepositoryRestHandlerMapping: Mapped "{[/api/ || /api],methods=[OPTIONS],produces=[application/hal+json || application/json]}" onto public org.springframework.http.HttpEntity<?> org.springframework.data.rest.webmvc.RepositoryController.optionsForRepositories()
2018-04-23 17:11:16,361 INFO  [main] RepositoryRestHandlerMapping: Mapped "{[/api/ || /api],methods=[HEAD],produces=[application/hal+json || application/json]}" onto public org.springframework.http.ResponseEntity<?> org.springframework.data.rest.webmvc.RepositoryController.headForRepositories()
2018-04-23 17:11:16,364 INFO  [main] RepositoryRestHandlerMapping: Mapped "{[/api/{repository}/{id}/{property}],methods=[DELETE],produces=[application/hal+json || application/json]}" onto public org.springframework.http.ResponseEntity<? extends org.springframework.hateoas.ResourceSupport> org.springframework.data.rest.webmvc.RepositoryPropertyReferenceController.deletePropertyReference(org.springframework.data.rest.webmvc.RootResourceInformation,java.io.Serializable,java.lang.String) throws java.lang.Exception
2018-04-23 17:11:16,365 INFO  [main] RepositoryRestHandlerMapping: Mapped "{[/api/{repository}/{id}/{property}],methods=[GET],produces=[application/x-spring-data-compact+json || text/uri-list]}" onto public org.springframework.http.ResponseEntity<org.springframework.hateoas.ResourceSupport> org.springframework.data.rest.webmvc.RepositoryPropertyReferenceController.followPropertyReferenceCompact(org.springframework.data.rest.webmvc.RootResourceInformation,java.io.Serializable,java.lang.String,org.springframework.data.rest.webmvc.PersistentEntityResourceAssembler) throws java.lang.Exception
2018-04-23 17:11:16,366 INFO  [main] RepositoryRestHandlerMapping: Mapped "{[/api/{repository}/{id}/{property}],methods=[PATCH || PUT || POST],consumes=[application/json || application/x-spring-data-compact+json || text/uri-list],produces=[application/hal+json || application/json]}" onto public org.springframework.http.ResponseEntity<? extends org.springframework.hateoas.ResourceSupport> org.springframework.data.rest.webmvc.RepositoryPropertyReferenceController.createPropertyReference(org.springframework.data.rest.webmvc.RootResourceInformation,org.springframework.http.HttpMethod,org.springframework.hateoas.Resources<java.lang.Object>,java.io.Serializable,java.lang.String) throws java.lang.Exception
2018-04-23 17:11:16,366 INFO  [main] RepositoryRestHandlerMapping: Mapped "{[/api/{repository}/{id}/{property}/{propertyId}],methods=[DELETE],produces=[application/hal+json || application/json]}" onto public org.springframework.http.ResponseEntity<org.springframework.hateoas.ResourceSupport> org.springframework.data.rest.webmvc.RepositoryPropertyReferenceController.deletePropertyReferenceId(org.springframework.data.rest.webmvc.RootResourceInformation,java.io.Serializable,java.lang.String,java.lang.String) throws java.lang.Exception
2018-04-23 17:11:16,367 INFO  [main] RepositoryRestHandlerMapping: Mapped "{[/api/{repository}/{id}/{property}/{propertyId}],methods=[GET],produces=[application/hal+json || application/json]}" onto public org.springframework.http.ResponseEntity<org.springframework.hateoas.ResourceSupport> org.springframework.data.rest.webmvc.RepositoryPropertyReferenceController.followPropertyReference(org.springframework.data.rest.webmvc.RootResourceInformation,java.io.Serializable,java.lang.String,java.lang.String,org.springframework.data.rest.webmvc.PersistentEntityResourceAssembler) throws java.lang.Exception
2018-04-23 17:11:16,367 INFO  [main] RepositoryRestHandlerMapping: Mapped "{[/api/{repository}/{id}/{property}],methods=[GET],produces=[application/hal+json || application/json]}" onto public org.springframework.http.ResponseEntity<org.springframework.hateoas.ResourceSupport> org.springframework.data.rest.webmvc.RepositoryPropertyReferenceController.followPropertyReference(org.springframework.data.rest.webmvc.RootResourceInformation,java.io.Serializable,java.lang.String,org.springframework.data.rest.webmvc.PersistentEntityResourceAssembler) throws java.lang.Exception
2018-04-23 17:11:16,369 INFO  [main] RepositoryRestHandlerMapping: Mapped "{[/api/{repository}/search],methods=[HEAD],produces=[application/hal+json || application/json]}" onto public org.springframework.http.HttpEntity<?> org.springframework.data.rest.webmvc.RepositorySearchController.headForSearches(org.springframework.data.rest.webmvc.RootResourceInformation)
2018-04-23 17:11:16,369 INFO  [main] RepositoryRestHandlerMapping: Mapped "{[/api/{repository}/search],methods=[GET],produces=[application/hal+json || application/json]}" onto public org.springframework.data.rest.webmvc.RepositorySearchesResource org.springframework.data.rest.webmvc.RepositorySearchController.listSearches(org.springframework.data.rest.webmvc.RootResourceInformation)
2018-04-23 17:11:16,370 INFO  [main] RepositoryRestHandlerMapping: Mapped "{[/api/{repository}/search/{search}],methods=[GET],produces=[application/hal+json || application/json]}" onto public org.springframework.http.ResponseEntity<?> org.springframework.data.rest.webmvc.RepositorySearchController.executeSearch(org.springframework.data.rest.webmvc.RootResourceInformation,org.springframework.util.MultiValueMap<java.lang.String, java.lang.Object>,java.lang.String,org.springframework.data.rest.webmvc.support.DefaultedPageable,org.springframework.data.domain.Sort,org.springframework.data.rest.webmvc.PersistentEntityResourceAssembler,org.springframework.http.HttpHeaders)
2018-04-23 17:11:16,370 INFO  [main] RepositoryRestHandlerMapping: Mapped "{[/api/{repository}/search/{search}],methods=[GET],produces=[application/x-spring-data-compact+json]}" onto public org.springframework.hateoas.ResourceSupport org.springframework.data.rest.webmvc.RepositorySearchController.executeSearchCompact(org.springframework.data.rest.webmvc.RootResourceInformation,org.springframework.http.HttpHeaders,org.springframework.util.MultiValueMap<java.lang.String, java.lang.Object>,java.lang.String,java.lang.String,org.springframework.data.rest.webmvc.support.DefaultedPageable,org.springframework.data.domain.Sort,org.springframework.data.rest.webmvc.PersistentEntityResourceAssembler)
2018-04-23 17:11:16,371 INFO  [main] RepositoryRestHandlerMapping: Mapped "{[/api/{repository}/search/{search}],methods=[OPTIONS],produces=[application/hal+json || application/json]}" onto public org.springframework.http.ResponseEntity<java.lang.Object> org.springframework.data.rest.webmvc.RepositorySearchController.optionsForSearch(org.springframework.data.rest.webmvc.RootResourceInformation,java.lang.String)
2018-04-23 17:11:16,371 INFO  [main] RepositoryRestHandlerMapping: Mapped "{[/api/{repository}/search/{search}],methods=[HEAD],produces=[application/hal+json || application/json]}" onto public org.springframework.http.ResponseEntity<java.lang.Object> org.springframework.data.rest.webmvc.RepositorySearchController.headForSearch(org.springframework.data.rest.webmvc.RootResourceInformation,java.lang.String)
2018-04-23 17:11:16,372 INFO  [main] RepositoryRestHandlerMapping: Mapped "{[/api/{repository}/search],methods=[OPTIONS],produces=[application/hal+json || application/json]}" onto public org.springframework.http.HttpEntity<?> org.springframework.data.rest.webmvc.RepositorySearchController.optionsForSearches(org.springframework.data.rest.webmvc.RootResourceInformation)
2018-04-23 17:11:16,376 INFO  [main] BasePathAwareHandlerMapping: Mapped "{[/api/profile/{repository}],methods=[GET],produces=[application/schema+json]}" onto public org.springframework.http.HttpEntity<org.springframework.data.rest.webmvc.json.JsonSchema> org.springframework.data.rest.webmvc.RepositorySchemaController.schema(org.springframework.data.rest.webmvc.RootResourceInformation)
2018-04-23 17:11:16,377 INFO  [main] BasePathAwareHandlerMapping: Mapped "{[/api/profile],methods=[OPTIONS]}" onto public org.springframework.http.HttpEntity<?> org.springframework.data.rest.webmvc.ProfileController.profileOptions()
2018-04-23 17:11:16,377 INFO  [main] BasePathAwareHandlerMapping: Mapped "{[/api/profile],methods=[GET]}" onto org.springframework.http.HttpEntity<org.springframework.hateoas.ResourceSupport> org.springframework.data.rest.webmvc.ProfileController.listAllFormsOfMetadata()
2018-04-23 17:11:16,378 INFO  [main] BasePathAwareHandlerMapping: Mapped "{[/api/profile/{repository}],methods=[GET],produces=[application/alps+json || */*]}" onto org.springframework.http.HttpEntity<org.springframework.data.rest.webmvc.RootResourceInformation> org.springframework.data.rest.webmvc.alps.AlpsController.descriptor(org.springframework.data.rest.webmvc.RootResourceInformation)
2018-04-23 17:11:16,378 INFO  [main] BasePathAwareHandlerMapping: Mapped "{[/api/profile/{repository}],methods=[OPTIONS],produces=[application/alps+json]}" onto org.springframework.http.HttpEntity<?> org.springframework.data.rest.webmvc.alps.AlpsController.alpsOptions()
2018-04-23 17:11:16,603 INFO  [main] AnnotationMBeanExporter: Registering beans for JMX exposure on startup
2018-04-23 17:11:16,605 INFO  [main] AnnotationMBeanExporter: Bean with name 'dataSource' has been autodetected for JMX exposure
2018-04-23 17:11:16,613 INFO  [main] AnnotationMBeanExporter: Located MBean 'dataSource': registering with JMX server as MBean [com.zaxxer.hikari:name=dataSource,type=HikariDataSource]
2018-04-23 17:11:16,660 INFO  [main] TomcatWebServer: Tomcat started on port(s): 8080 (http) with context path ''
2018-04-23 17:11:16,663 INFO  [main] CrossBlogsApplication: Started CrossBlogsApplication in 14.596 seconds (JVM running for 15.198)
